<?xml version="1.0" encoding="UTF-8" ?>
<testsuite errors="0" failures="0" hostname="Fatemehs-MacBook-Pro.local" name="MainClassTest" skipped="0" tests="2" time="0.05" timestamp="2015-09-29T19:43:00">
  <properties>
[...]
</properties>
  <testcase classname="MainClassTest" name="testParseListingJsonString" time="0.011" />
  <testcase classname="MainClassTest" name="testParseProductJsonString" time="0.002" />
  <system-out><![CDATA[]]></system-out>
  <system-err><![CDATA[]]></system-err>
</testsuite>
